2016-02-07 11:11:18 - Agents are loaded...
2016-02-07 11:11:18 - processing begins id=a467f6d1-ec8a-4e71-b788-2a0c298d3670
2016-02-07 11:11:24 - Request URL ... http://www.google.com/aclk?sa=L&ai=CT3C625a3VtydOYPd-QO-zL6wCsGxzp4HsZ3Ky4oD04Ky2bQCCAAQAWDJhv6LzKTUGcgBAaoEIk_QjmfpDajw-zxQDIoRYKRa3U3AUIFWYHLEP83ig8dKNmeAB83_yQOQBwOoB6a-G9gHAQ&sig=AOD64_2uB1ofW08Sgi_CuRlhYtGAsJkpvQ&clui=0&rct=j&q=&ved=0ahUKEwjP7bLNrebKAhVO7GMKHSOqD9cQ0QwIGg&adurl=http://themoramoda.com/
2016-02-07 11:11:31 - Content -> 
 <script>window.googleJavaScriptRedirect=1</script><script>var n={navigateTo:function(b,a,d){if(b!=a&&b.google){if(b.google.r){b.google.r=0;b.location.href=d;a.location.replace("about:blank");}}else{a.location.replace(d);}}};n.navigateTo(parent,window,"http://themoramoda.com/?gclid\x3dCMOfmtGt5soCFY17fgodxJcNDA");</script><noscript><META http-equiv="refresh" content="0;URL='http://themoramoda.com/?gclid=CMOfmtGt5soCFY17fgodxJcNDA'"></noscript>
2016-02-07 11:11:33 - PATTERN FOUND!
2016-02-07 11:11:33 - CLEANED UP URL -> http://themoramoda.com/?gclid=CMOfmtGt5soCFY17fgodxJcNDA
2016-02-07 11:11:33 - Request URL ... http://themoramoda.com/?gclid=CMOfmtGt5soCFY17fgodxJcNDA
2016-02-07 11:30:10 - Agents are loaded...
2016-02-07 11:30:10 - processing begins id=ce8673fb-8c18-44dd-941a-da23a40c1ba7
2016-02-07 11:30:17 - Request URL ... http://www.google.com/aclk?sa=L&ai=C64anSJu3Vq3QL8fC-QP75Z-gDcGxzp4HsZ3Ky4oD04Ky2bQCCAAQAWDJhv6LzKTUGcgBAaoEIk_QyjY5PnEn2mF3yU5_Bv7RQjg64zkUvDNT9V4UN4Uu8ZuAB83_yQOQBwOoB6a-G9gHAQ&sig=AOD64_09j6RKlTcv_fSp8fpZjM_P7WGdLg&clui=0&rct=j&q=&ved=0ahUKEwiOtcrpsebKAhVG5GMKHTe5CU4Q0QwIGg&adurl=http://themoramoda.com/
2016-02-07 11:30:18 - Content -> 
 <script>window.googleJavaScriptRedirect=1</script><script>var n={navigateTo:function(b,a,d){if(b!=a&&b.google){if(b.google.r){b.google.r=0;b.location.href=d;a.location.replace("about:blank");}}else{a.location.replace(d);}}};n.navigateTo(parent,window,"http://themoramoda.com/?gclid\x3dCMnZleqx5soCFUWTfgodSpYApA");</script><noscript><META http-equiv="refresh" content="0;URL='http://themoramoda.com/?gclid=CMnZleqx5soCFUWTfgodSpYApA'"></noscript>
2016-02-07 11:30:18 - PATTERN FOUND!
2016-02-07 11:30:18 - CLEANED UP URL -> http://themoramoda.com/?gclid=CMnZleqx5soCFUWTfgodSpYApA
2016-02-07 11:30:18 - Request URL ... http://themoramoda.com/?gclid=CMnZleqx5soCFUWTfgodSpYApA
2016-02-07 12:02:39 - Agents are loaded...
2016-02-07 12:02:39 - processing begins id=2229034c-11db-4d7e-bac6-4215e29b4d76
2016-02-07 12:02:46 - Request URL ... http://www.google.com/aclk?sa=L&ai=CVRQD5aK3VvahEY-G-gPf9YGYCcGxzp4HsZ3Ky4oD04Ky2bQCCAAQAWDJhv6LzKTUGcgBAaoEIk_QpUJH2eHGlaQ929DdgK_Pl0XpD-m7JZhmOqmdE4bQ3c2AB83_yQOQBwOoB6a-G9gHAQ&sig=AOD64_1WC0iWbDg3hzBjET_V6FSGliX7xg&clui=0&rct=j&q=&ved=0ahUKEwiTxNmKuebKAhVV5WMKHS3MDzcQ0QwIGg&adurl=http://themoramoda.com/
2016-02-07 12:02:46 - Content -> 
 <script>window.googleJavaScriptRedirect=1</script><script>var n={navigateTo:function(b,a,d){if(b!=a&&b.google){if(b.google.r){b.google.r=0;b.location.href=d;a.location.replace("about:blank");}}else{a.location.replace(d);}}};n.navigateTo(parent,window,"http://themoramoda.com/?gclid\x3dCNOTpou55soCFUlufgodJr4LLw");</script><noscript><META http-equiv="refresh" content="0;URL='http://themoramoda.com/?gclid=CNOTpou55soCFUlufgodJr4LLw'"></noscript>
2016-02-07 12:02:46 - PATTERN FOUND!
2016-02-07 12:02:46 - CLEANED UP URL -> http://themoramoda.com/?gclid=CNOTpou55soCFUlufgodJr4LLw
2016-02-07 12:02:46 - Request URL ... http://themoramoda.com/?gclid=CNOTpou55soCFUlufgodJr4LLw
2016-02-07 12:03:09 - Agents are loaded...
2016-02-07 12:03:09 - processing begins id=efad57fc-8f49-48b0-8d70-d75ff58c158a
2016-02-07 12:03:14 - Request URL ... http://www.google.com/aclk?sa=L&ai=C7W2sAaO3VomXKsa9-QOw7puwCsGxzp4HsZ3Ky4oD04Ky2bQCCAAQAWDJhv6LzKTUGcgBAaoEIk_QIiUihU6WuB-GyIMB1xky_L_q6pdMR1hwD7aR7eYxpFCAB83_yQOQBwOoB6a-G9gHAQ&sig=AOD64_0A4ABES42RyyVRpRQMVLZFIXE46A&clui=0&rct=j&q=&ved=0ahUKEwjn5Z6YuebKAhVX9mMKHdo6BaYQ0QwIGg&adurl=http://themoramoda.com/
2016-02-07 12:03:15 - Content -> 
 <script>window.googleJavaScriptRedirect=1</script><script>var n={navigateTo:function(b,a,d){if(b!=a&&b.google){if(b.google.r){b.google.r=0;b.location.href=d;a.location.replace("about:blank");}}else{a.location.replace(d);}}};n.navigateTo(parent,window,"http://themoramoda.com/?gclid\x3dCP3U7pi55soCFUSSfgod6mEEEA");</script><noscript><META http-equiv="refresh" content="0;URL='http://themoramoda.com/?gclid=CP3U7pi55soCFUSSfgod6mEEEA'"></noscript>
2016-02-07 12:03:15 - PATTERN FOUND!
2016-02-07 12:03:15 - CLEANED UP URL -> http://themoramoda.com/?gclid=CP3U7pi55soCFUSSfgod6mEEEA
2016-02-07 12:03:15 - Request URL ... http://themoramoda.com/?gclid=CP3U7pi55soCFUSSfgod6mEEEA
